<?xml version="1.0" encoding="UTF-8"?>
<testng-results ignored="0" total="2" passed="2" failed="0" skipped="0">
  <reporter-output>
  </reporter-output>
  <suite started-at="2025-02-20T00:17:52 IST" name="Default suite" finished-at="2025-02-20T00:18:03 IST" duration-ms="10923">
    <groups>
    </groups>
    <test started-at="2025-02-20T00:17:52 IST" name="Default test" finished-at="2025-02-20T00:18:03 IST" duration-ms="10923">
      <class name="TestNG.Chp3.Annotations.BM_BC_OrangeHRM">
        <test-method is-config="true" signature="setUp()[pri:0, instance:TestNG.Chp3.Annotations.BM_BC_OrangeHRM@1e6a3214]" started-at="2025-02-20T00:17:52 IST" name="setUp" finished-at="2025-02-20T00:17:57 IST" duration-ms="4939" status="PASS">
          <reporter-output>
          </reporter-output>
        </test-method> <!-- setUp -->
        <test-method signature="signIn()[pri:0, instance:TestNG.Chp3.Annotations.BM_BC_OrangeHRM@1e6a3214]" started-at="2025-02-20T00:17:57 IST" name="signIn" finished-at="2025-02-20T00:17:58 IST" duration-ms="886" status="PASS">
          <reporter-output>
          </reporter-output>
        </test-method> <!-- signIn -->
        <test-method signature="userSearch()[pri:0, instance:TestNG.Chp3.Annotations.BM_BC_OrangeHRM@1e6a3214]" started-at="2025-02-20T00:17:58 IST" name="userSearch" finished-at="2025-02-20T00:18:02 IST" duration-ms="3775" status="PASS">
          <reporter-output>
          </reporter-output>
        </test-method> <!-- userSearch -->
        <test-method is-config="true" signature="signOut()[pri:0, instance:TestNG.Chp3.Annotations.BM_BC_OrangeHRM@1e6a3214]" started-at="2025-02-20T00:18:02 IST" name="signOut" finished-at="2025-02-20T00:18:03 IST" duration-ms="1072" status="PASS">
          <reporter-output>
          </reporter-output>
        </test-method> <!-- signOut -->
        <test-method is-config="true" signature="tearDown()[pri:0, instance:TestNG.Chp3.Annotations.BM_BC_OrangeHRM@1e6a3214]" started-at="2025-02-20T00:18:03 IST" name="tearDown" finished-at="2025-02-20T00:18:03 IST" duration-ms="190" status="PASS">
          <reporter-output>
          </reporter-output>
        </test-method> <!-- tearDown -->
      </class> <!-- TestNG.Chp3.Annotations.BM_BC_OrangeHRM -->
    </test> <!-- Default test -->
  </suite> <!-- Default suite -->
</testng-results>
